<?xml version="1.0" encoding="UTF-8"?>
<testsuite xmlns:xsi="http://www.w3.org/2001/XMLSchema-instance" xsi:noNamespaceSchemaLocation="https://maven.apache.org/surefire/maven-surefire-plugin/xsd/surefire-test-report-3.0.xsd" version="3.0" name="com.example.test.RabbitTest" time="0.01" tests="7" errors="0" skipped="0" failures="0">
  <properties>
    <property name="java.specification.version" value="19"/>
    <property name="sun.cpu.isalist" value="amd64"/>
    <property name="sun.jnu.encoding" value="Cp1252"/>
    <property name="java.class.path" value="C:\Users\paqui\collab\tamagotchi\demo\target\test-classes;C:\Users\paqui\collab\tamagotchi\demo\target\classes;C:\Users\paqui\.m2\repository\org\junit\jupiter\junit-jupiter-params\5.10.1\junit-jupiter-params-5.10.1.jar;C:\Users\paqui\.m2\repository\org\junit\jupiter\junit-jupiter-api\5.10.1\junit-jupiter-api-5.10.1.jar;C:\Users\paqui\.m2\repository\org\junit\platform\junit-platform-commons\1.10.1\junit-platform-commons-1.10.1.jar;C:\Users\paqui\.m2\repository\org\apiguardian\apiguardian-api\1.1.2\apiguardian-api-1.1.2.jar;C:\Users\paqui\.m2\repository\org\junit\platform\junit-platform-runner\1.10.1\junit-platform-runner-1.10.1.jar;C:\Users\paqui\.m2\repository\junit\junit\4.13.2\junit-4.13.2.jar;C:\Users\paqui\.m2\repository\org\hamcrest\hamcrest-core\1.3\hamcrest-core-1.3.jar;C:\Users\paqui\.m2\repository\org\junit\platform\junit-platform-launcher\1.10.1\junit-platform-launcher-1.10.1.jar;C:\Users\paqui\.m2\repository\org\junit\platform\junit-platform-engine\1.10.1\junit-platform-engine-1.10.1.jar;C:\Users\paqui\.m2\repository\org\junit\platform\junit-platform-suite-api\1.10.1\junit-platform-suite-api-1.10.1.jar;C:\Users\paqui\.m2\repository\org\junit\platform\junit-platform-suite-commons\1.10.1\junit-platform-suite-commons-1.10.1.jar;C:\Users\paqui\.m2\repository\org\junit\junit5-api\5.0.0-ALPHA\junit5-api-5.0.0-ALPHA.jar;C:\Users\paqui\.m2\repository\org\opentest4j\opentest4j\1.0.0-ALPHA\opentest4j-1.0.0-ALPHA.jar;C:\Users\paqui\.m2\repository\org\junit\junit-commons\5.0.0-ALPHA\junit-commons-5.0.0-ALPHA.jar;C:\Users\paqui\.m2\repository\org\junit\junit5-engine\5.0.0-ALPHA\junit5-engine-5.0.0-ALPHA.jar;C:\Users\paqui\.m2\repository\org\junit\junit-engine-api\5.0.0-ALPHA\junit-engine-api-5.0.0-ALPHA.jar;C:\Users\paqui\.m2\repository\org\junit\surefire-junit5\5.0.0-ALPHA\surefire-junit5-5.0.0-ALPHA.jar;C:\Users\paqui\.m2\repository\org\junit\junit4-engine\5.0.0-ALPHA\junit4-engine-5.0.0-ALPHA.jar;C:\Users\paqui\.m2\repository\org\apache\maven\surefire\surefire-api\2.19\surefire-api-2.19.jar;C:\Users\paqui\.m2\repository\org\apache\maven\surefire\common-java5\2.19\common-java5-2.19.jar;C:\Users\paqui\.m2\repository\org\junit\junit-launcher\5.0.0-ALPHA\junit-launcher-5.0.0-ALPHA.jar;C:\Users\paqui\.m2\repository\org\openjfx\javafx-controls\20\javafx-controls-20.jar;C:\Users\paqui\.m2\repository\org\openjfx\javafx-controls\20\javafx-controls-20-win.jar;C:\Users\paqui\.m2\repository\org\openjfx\javafx-graphics\20\javafx-graphics-20.jar;C:\Users\paqui\.m2\repository\org\openjfx\javafx-graphics\20\javafx-graphics-20-win.jar;C:\Users\paqui\.m2\repository\org\openjfx\javafx-base\20\javafx-base-20.jar;C:\Users\paqui\.m2\repository\org\openjfx\javafx-base\20\javafx-base-20-win.jar;C:\Users\paqui\.m2\repository\org\openjfx\javafx-fxml\20\javafx-fxml-20.jar;C:\Users\paqui\.m2\repository\org\openjfx\javafx-fxml\20\javafx-fxml-20-win.jar;C:\Users\paqui\.m2\repository\com\fasterxml\jackson\core\jackson-databind\2.15.2\jackson-databind-2.15.2.jar;C:\Users\paqui\.m2\repository\com\fasterxml\jackson\core\jackson-annotations\2.15.2\jackson-annotations-2.15.2.jar;C:\Users\paqui\.m2\repository\com\fasterxml\jackson\core\jackson-core\2.15.2\jackson-core-2.15.2.jar;C:\Users\paqui\.m2\repository\com\googlecode\json-simple\json-simple\1.1.1\json-simple-1.1.1.jar;"/>
    <property name="java.vm.vendor" value="Oracle Corporation"/>
    <property name="sun.arch.data.model" value="64"/>
    <property name="user.variant" value=""/>
    <property name="java.vendor.url" value="https://java.oracle.com/"/>
    <property name="user.timezone" value="Europe/Paris"/>
    <property name="os.name" value="Windows 11"/>
    <property name="java.vm.specification.version" value="19"/>
    <property name="sun.java.launcher" value="SUN_STANDARD"/>
    <property name="user.country" value="FR"/>
    <property name="sun.boot.library.path" value="C:\Program Files\Java\jdk-19\bin"/>
    <property name="sun.java.command" value="C:\Users\paqui\AppData\Local\Temp\surefire6032320230403378605\surefirebooter-20240105123240196_3.jar C:\Users\paqui\AppData\Local\Temp\surefire6032320230403378605 2024-01-05T12-32-40_082-jvmRun1 surefire-20240105123240196_1tmp surefire_0-20240105123240196_2tmp"/>
    <property name="jdk.debug" value="release"/>
    <property name="surefire.test.class.path" value="C:\Users\paqui\collab\tamagotchi\demo\target\test-classes;C:\Users\paqui\collab\tamagotchi\demo\target\classes;C:\Users\paqui\.m2\repository\org\junit\jupiter\junit-jupiter-params\5.10.1\junit-jupiter-params-5.10.1.jar;C:\Users\paqui\.m2\repository\org\junit\jupiter\junit-jupiter-api\5.10.1\junit-jupiter-api-5.10.1.jar;C:\Users\paqui\.m2\repository\org\junit\platform\junit-platform-commons\1.10.1\junit-platform-commons-1.10.1.jar;C:\Users\paqui\.m2\repository\org\apiguardian\apiguardian-api\1.1.2\apiguardian-api-1.1.2.jar;C:\Users\paqui\.m2\repository\org\junit\platform\junit-platform-runner\1.10.1\junit-platform-runner-1.10.1.jar;C:\Users\paqui\.m2\repository\junit\junit\4.13.2\junit-4.13.2.jar;C:\Users\paqui\.m2\repository\org\hamcrest\hamcrest-core\1.3\hamcrest-core-1.3.jar;C:\Users\paqui\.m2\repository\org\junit\platform\junit-platform-launcher\1.10.1\junit-platform-launcher-1.10.1.jar;C:\Users\paqui\.m2\repository\org\junit\platform\junit-platform-engine\1.10.1\junit-platform-engine-1.10.1.jar;C:\Users\paqui\.m2\repository\org\junit\platform\junit-platform-suite-api\1.10.1\junit-platform-suite-api-1.10.1.jar;C:\Users\paqui\.m2\repository\org\junit\platform\junit-platform-suite-commons\1.10.1\junit-platform-suite-commons-1.10.1.jar;C:\Users\paqui\.m2\repository\org\junit\junit5-api\5.0.0-ALPHA\junit5-api-5.0.0-ALPHA.jar;C:\Users\paqui\.m2\repository\org\opentest4j\opentest4j\1.0.0-ALPHA\opentest4j-1.0.0-ALPHA.jar;C:\Users\paqui\.m2\repository\org\junit\junit-commons\5.0.0-ALPHA\junit-commons-5.0.0-ALPHA.jar;C:\Users\paqui\.m2\repository\org\junit\junit5-engine\5.0.0-ALPHA\junit5-engine-5.0.0-ALPHA.jar;C:\Users\paqui\.m2\repository\org\junit\junit-engine-api\5.0.0-ALPHA\junit-engine-api-5.0.0-ALPHA.jar;C:\Users\paqui\.m2\repository\org\junit\surefire-junit5\5.0.0-ALPHA\surefire-junit5-5.0.0-ALPHA.jar;C:\Users\paqui\.m2\repository\org\junit\junit4-engine\5.0.0-ALPHA\junit4-engine-5.0.0-ALPHA.jar;C:\Users\paqui\.m2\repository\org\apache\maven\surefire\surefire-api\2.19\surefire-api-2.19.jar;C:\Users\paqui\.m2\repository\org\apache\maven\surefire\common-java5\2.19\common-java5-2.19.jar;C:\Users\paqui\.m2\repository\org\junit\junit-launcher\5.0.0-ALPHA\junit-launcher-5.0.0-ALPHA.jar;C:\Users\paqui\.m2\repository\org\openjfx\javafx-controls\20\javafx-controls-20.jar;C:\Users\paqui\.m2\repository\org\openjfx\javafx-controls\20\javafx-controls-20-win.jar;C:\Users\paqui\.m2\repository\org\openjfx\javafx-graphics\20\javafx-graphics-20.jar;C:\Users\paqui\.m2\repository\org\openjfx\javafx-graphics\20\javafx-graphics-20-win.jar;C:\Users\paqui\.m2\repository\org\openjfx\javafx-base\20\javafx-base-20.jar;C:\Users\paqui\.m2\repository\org\openjfx\javafx-base\20\javafx-base-20-win.jar;C:\Users\paqui\.m2\repository\org\openjfx\javafx-fxml\20\javafx-fxml-20.jar;C:\Users\paqui\.m2\repository\org\openjfx\javafx-fxml\20\javafx-fxml-20-win.jar;C:\Users\paqui\.m2\repository\com\fasterxml\jackson\core\jackson-databind\2.15.2\jackson-databind-2.15.2.jar;C:\Users\paqui\.m2\repository\com\fasterxml\jackson\core\jackson-annotations\2.15.2\jackson-annotations-2.15.2.jar;C:\Users\paqui\.m2\repository\com\fasterxml\jackson\core\jackson-core\2.15.2\jackson-core-2.15.2.jar;C:\Users\paqui\.m2\repository\com\googlecode\json-simple\json-simple\1.1.1\json-simple-1.1.1.jar;"/>
    <property name="sun.cpu.endian" value="little"/>
    <property name="user.home" value="C:\Users\paqui"/>
    <property name="user.language" value="fr"/>
    <property name="java.specification.vendor" value="Oracle Corporation"/>
    <property name="java.version.date" value="2023-01-17"/>
    <property name="java.home" value="C:\Program Files\Java\jdk-19"/>
    <property name="file.separator" value="\"/>
    <property name="basedir" value="C:\Users\paqui\collab\tamagotchi\demo"/>
    <property name="java.vm.compressedOopsMode" value="Zero based"/>
    <property name="line.separator" value="&#10;"/>
    <property name="java.vm.specification.vendor" value="Oracle Corporation"/>
    <property name="java.specification.name" value="Java Platform API Specification"/>
    <property name="surefire.real.class.path" value="C:\Users\paqui\AppData\Local\Temp\surefire6032320230403378605\surefirebooter-20240105123240196_3.jar"/>
    <property name="user.script" value=""/>
    <property name="sun.management.compiler" value="HotSpot 64-Bit Tiered Compilers"/>
    <property name="java.runtime.version" value="19.0.2+7-44"/>
    <property name="user.name" value="paqui"/>
    <property name="stdout.encoding" value="Cp1252"/>
    <property name="path.separator" value=";"/>
    <property name="os.version" value="10.0"/>
    <property name="java.runtime.name" value="Java(TM) SE Runtime Environment"/>
    <property name="file.encoding" value="UTF-8"/>
    <property name="java.vm.name" value="Java HotSpot(TM) 64-Bit Server VM"/>
    <property name="localRepository" value="C:\Users\paqui\.m2\repository"/>
    <property name="java.vendor.url.bug" value="https://bugreport.java.com/bugreport/"/>
    <property name="java.io.tmpdir" value="C:\Users\paqui\AppData\Local\Temp\"/>
    <property name="java.version" value="19.0.2"/>
    <property name="user.dir" value="C:\Users\paqui\collab\tamagotchi\demo"/>
    <property name="os.arch" value="amd64"/>
    <property name="java.vm.specification.name" value="Java Virtual Machine Specification"/>
    <property name="sun.os.patch.level" value=""/>
    <property name="native.encoding" value="Cp1252"/>
    <property name="java.library.path" value="C:\Program Files\Java\jdk-19\bin;C:\WINDOWS\Sun\Java\bin;C:\WINDOWS\system32;C:\WINDOWS;C:\Program Files\Common Files\Oracle\Java\javapath;C:\Program Files (x86)\Common Files\Oracle\Java\javapath;C:\ProgramData\Oracle\Java\javapath;C:\WINDOWS\system32;C:\WINDOWS;C:\WINDOWS\System32\Wbem;C:\WINDOWS\System32\WindowsPowerShell\v1.0\;C:\WINDOWS\System32\OpenSSH\;C:\Program Files (x86)\NVIDIA Corporation\PhysX\Common;C:\Program Files\apache-maven-3.9.4\bin;C:\Program Files\PuTTY\;C:\Program Files\dotnet\;C:\Program Files\Git\cmd;C:\Program Files\MySQL\MySQL Shell 8.0\bin\;C:\Users\paqui\AppData\Local\Microsoft\WindowsApps;;C:\Users\paqui\AppData\Local\Programs\Microsoft VS Code\bin;C:\Program Files (x86)\Nmap;."/>
    <property name="java.vm.info" value="mixed mode, sharing"/>
    <property name="stderr.encoding" value="Cp1252"/>
    <property name="java.vendor" value="Oracle Corporation"/>
    <property name="java.vm.version" value="19.0.2+7-44"/>
    <property name="sun.io.unicode.encoding" value="UnicodeLittle"/>
    <property name="java.class.version" value="63.0"/>
  </properties>
  <testcase name="eatTest" classname="com.example.test.RabbitTest" time="0.0">
    <system-out><![CDATA[yo
]]></system-out>
  </testcase>
  <testcase name="usingToiletTest" classname="com.example.test.RabbitTest" time="0.002">
    <system-out><![CDATA[yo
HUNGER MAX = 0.97
HUNGER MAX = 0.94
HUNGER MAX = 0.91
HUNGER MAX = 0.88
HUNGER MAX = 0.85
HUNGER MAX = 0.82
HUNGER MAX = 0.79
HUNGER MAX = 0.76
HUNGER MAX = 0.73
HUNGER MAX = 0.7
HUNGER MAX = 0.67
HUNGER MAX = 0.64
HUNGER MAX = 0.61
HUNGER MAX = 0.58
]]></system-out>
  </testcase>
  <testcase name="playingTest" classname="com.example.test.RabbitTest" time="0.001">
    <system-out><![CDATA[yo
HUNGER MAX = 0.97
HUNGER MAX = 0.94
HUNGER MAX = 0.91
HUNGER MAX = 0.88
HUNGER MAX = 0.85
HUNGER MAX = 0.82
HUNGER MAX = 0.79
HUNGER MAX = 0.76
HUNGER MAX = 0.73
HUNGER MAX = 0.7
]]></system-out>
  </testcase>
  <testcase name="washingTest" classname="com.example.test.RabbitTest" time="0.002">
    <system-out><![CDATA[yo
HUNGER MAX = 0.97
HUNGER MAX = 0.94
HUNGER MAX = 0.91
HUNGER MAX = 0.88
HUNGER MAX = 0.85
HUNGER MAX = 0.82
HUNGER MAX = 0.79
HUNGER MAX = 0.76
HUNGER MAX = 0.73
HUNGER MAX = 0.7
HUNGER MAX = 0.67
HUNGER MAX = 0.64
HUNGER MAX = 0.61
HUNGER MAX = 0.58
HUNGER MAX = 0.55
HUNGER MAX = 0.52
HUNGER MAX = 0.49
HUNGER MAX = 0.46
HUNGER MAX = 0.43
HUNGER MAX = 0.4
]]></system-out>
  </testcase>
  <testcase name="sleepingTest" classname="com.example.test.RabbitTest" time="0.001">
    <system-out><![CDATA[yo
HUNGER MAX = 0.97
HUNGER MAX = 0.94
HUNGER MAX = 0.91
HUNGER MAX = 0.88
HUNGER MAX = 0.85
HUNGER MAX = 0.82
HUNGER MAX = 0.79
HUNGER MAX = 0.76
HUNGER MAX = 0.73
HUNGER MAX = 0.7
HUNGER MAX = 0.67
HUNGER MAX = 0.64
HUNGER MAX = 0.61
HUNGER MAX = 0.58
HUNGER MAX = 0.55
HUNGER MAX = 0.52
HUNGER MAX = 0.49
HUNGER MAX = 0.46
]]></system-out>
  </testcase>
  <testcase name="doingSportTest" classname="com.example.test.RabbitTest" time="0.002">
    <system-out><![CDATA[yo
HUNGER MAX = 0.9
HUNGER MAX = 0.87
HUNGER MAX = 0.84
HUNGER MAX = 0.81
HUNGER MAX = 0.78
HUNGER MAX = 0.75
HUNGER MAX = 0.72
HUNGER MAX = 0.69
HUNGER MAX = 0.66
HUNGER MAX = 0.63
HUNGER MAX = 0.6
HUNGER MAX = 0.57
HUNGER MAX = 0.54
HUNGER MAX = 0.51
HUNGER MAX = 0.48
HUNGER MAX = 0.45
HUNGER MAX = 0.42
]]></system-out>
  </testcase>
  <testcase name="creationTest" classname="com.example.test.RabbitTest" time="0.001">
    <system-out><![CDATA[yo
]]></system-out>
  </testcase>
</testsuite>